-------------------------------------------------------------------------------
Test set: se.kth.iv1350.amazingpointofsale.view.ViewTest
-------------------------------------------------------------------------------
Tests run: 1, Failures: 1, Errors: 0, Skipped: 0, Time elapsed: 0 sec <<< FAILURE!
se.kth.iv1350.amazingpointofsale.view.ViewTest.testRunFakeExecution()  Time elapsed: 0 sec  <<< FAILURE!
java.lang.NullPointerException: Cannot invoke "se.kth.iv1350.amazingpointofsale.view.View.runFakeExecution()" because "instance" is null
	at se.kth.iv1350.amazingpointofsale.view.ViewTest.testRunFakeExecution(ViewTest.java:33)

