<?xml version="1.0" encoding="UTF-8"?>
<testsuite xmlns:xsi="http://www.w3.org/2001/XMLSchema-instance" xsi:noNamespaceSchemaLocation="https://maven.apache.org/surefire/maven-surefire-plugin/xsd/surefire-test-report-3.0.xsd" version="3.0" name="se.kth.iv1350.amazingpointofsale.model.SaleTest" time="0.061" tests="6" errors="0" skipped="0" failures="0">
  <properties>
[...]
</properties>
  <testcase name="testItemAlreadyScanned" classname="se.kth.iv1350.amazingpointofsale.model.SaleTest" time="0.036"/>
  <testcase name="testGetItemIdentifier" classname="se.kth.iv1350.amazingpointofsale.model.SaleTest" time="0.002"/>
  <testcase name="testGetItemPrice" classname="se.kth.iv1350.amazingpointofsale.model.SaleTest" time="0.002"/>
  <testcase name="testRegisterItem" classname="se.kth.iv1350.amazingpointofsale.model.SaleTest" time="0.002"/>
  <testcase name="testGetName" classname="se.kth.iv1350.amazingpointofsale.model.SaleTest" time="0.002"/>
  <testcase name="testGetItemVATRate" classname="se.kth.iv1350.amazingpointofsale.model.SaleTest" time="0.001"/>
</testsuite>