<?xml version="1.0" encoding="UTF-8" ?>
<testsuite tests="1" failures="1" name="se.kth.iv1350.amazingpointofsale.view.ViewTest" time="0" errors="0" skipped="0">
  <properties>
[...]
</properties>
  <testcase classname="se.kth.iv1350.amazingpointofsale.view.ViewTest" name="se.kth.iv1350.amazingpointofsale.view.ViewTest.testRunFakeExecution" time="0">
    <failure message="Cannot invoke &quot;se.kth.iv1350.amazingpointofsale.view.View.runFakeExecution()&quot; because &quot;instance&quot; is null" type="java.lang.NullPointerException">java.lang.NullPointerException: Cannot invoke &quot;se.kth.iv1350.amazingpointofsale.view.View.runFakeExecution()&quot; because &quot;instance&quot; is null
	at se.kth.iv1350.amazingpointofsale.view.ViewTest.testRunFakeExecution(ViewTest.java:33)
</failure>
    <system-out>runFakeExecution
</system-out>
  </testcase>
</testsuite>